#
# There is insufficient memory for the Java Runtime Environment to continue.
# Native memory allocation (mmap) failed to map 260046848 bytes for Failed to commit area from 0x0000000709a00000 to 0x0000000719200000 of length 260046848.
# Possible reasons:
#   The system is out of physical RAM or swap space
#   The process is running with CompressedOops enabled, and the Java Heap may be blocking the growth of the native heap
# Possible solutions:
#   Reduce memory load on the system
#   Increase physical memory or swap space
#   Check if swap backing store is full
#   Decrease Java heap size (-Xmx/-Xms)
#   Decrease number of Java threads
#   Decrease Java thread stack sizes (-Xss)
#   Set larger code cache with -XX:ReservedCodeCacheSize=
# This output file may be truncated or incomplete.
#
#  Out of Memory Error (src/hotspot/os/windows/os_windows.cpp:3627), pid=14028, tid=38632
#
# JRE version:  (11.0.15+10) (build )
# Java VM: OpenJDK 64-Bit Server VM (11.0.15+10-b2043.56, mixed mode, sharing, tiered, compressed oops, g1 gc, windows-amd64)
# No core dump will be written. Minidumps are not enabled by default on client versions of Windows
#

---------------  S U M M A R Y ------------

Command Line: git4idea.http.GitAskPassApp Username for 'https://gitlab.com': 

Host: 11th Gen Intel(R) Core(TM) i5-1145G7 @ 2.60GHz, 8 cores, 15G,  Windows 11 , 64 bit Build 22621 (10.0.22621.1928)
Time: Wed Aug  2 14:35:07 2023 India Standard Time elapsed time: 0.030935 seconds (0d 0h 0m 0s)

---------------  T H R E A D  ---------------

Current thread (0x0000013b5f87a800):  JavaThread "Unknown thread" [_thread_in_vm, id=38632, stack(0x0000001e0bd00000,0x0000001e0be00000)]

Stack: [0x0000001e0bd00000,0x0000001e0be00000]
Native frames: (J=compiled Java code, j=interpreted, Vv=VM code, C=native code)
V  [jvm.dll+0x61612a]
V  [jvm.dll+0x79c450]
V  [jvm.dll+0x79da6d]
V  [jvm.dll+0x79e143]
V  [jvm.dll+0x24cc18]
V  [jvm.dll+0x613174]
V  [jvm.dll+0x607e55]
V  [jvm.dll+0x30b1cb]
V  [jvm.dll+0x30b13a]
V  [jvm.dll+0x30b012]
V  [jvm.dll+0x30ff76]
V  [jvm.dll+0x35b4c3]
V  [jvm.dll+0x35bbc6]
V  [jvm.dll+0x35b5c3]
V  [jvm.dll+0x2e5918]
V  [jvm.dll+0x2e6ab7]
V  [jvm.dll+0x7794f7]
V  [jvm.dll+0x77acec]
V  [jvm.dll+0x368a59]
V  [jvm.dll+0x75ce8e]
V  [jvm.dll+0x3d6a33]
V  [jvm.dll+0x3d9001]
C  [jli.dll+0x536b]
C  [ucrtbase.dll+0x29363]
C  [KERNEL32.DLL+0x126ad]
C  [ntdll.dll+0x5aa68]


---------------  P R O C E S S  ---------------

Threads class SMR info:
_java_thread_list=0x0000013b5d5e39b0, length=0, elements={
}

Java Threads: ( => current thread )

Other Threads:
  0x0000013b5f894000 GCTaskThread "GC Thread#0" [stack: 0x0000001e0bf00000,0x0000001e0c000000] [id=21028]
  0x0000013b5f8ed800 ConcurrentGCThread "G1 Main Marker" [stack: 0x0000001e0c000000,0x0000001e0c100000] [id=18144]
  0x0000013b5f8f0000 ConcurrentGCThread "G1 Conc#0" [stack: 0x0000000000000000,0x0000000000000000] [id=14760]

[error occurred during error reporting (printing all threads), id 0xc0000005, EXCEPTION_ACCESS_VIOLATION (0xc0000005) at pc=0x00007ffb123e6017]

VM state:not at safepoint (not fully initialized)

VM Mutex/Monitor currently owned by a thread:  ([mutex/lock_event])
[0x0000013b5f875f50] Heap_lock - owner thread: 0x0000013b5f87a800

Heap address: 0x0000000709a00000, size: 3942 MB, Compressed Oops mode: Non-zero based: 0x0000000709a00000
Narrow klass base: 0x0000000000000000, Narrow klass shift: 0

GC Heap History (0 events):
No events

Deoptimization events (0 events):
No events

Classes redefined (0 events):
No events

Internal exceptions (0 events):
No events

Events (1 events):
Event: 0.024 Loaded shared library C:\Users\Dell\AppData\Local\JetBrains\Toolbox\apps\WebStorm\ch-1\221.6008.13\jbr\bin\zip.dll


Dynamic libraries:
0x00007ff659ff0000 - 0x00007ff659ffa000 	C:\Users\Dell\AppData\Local\JetBrains\Toolbox\apps\WebStorm\ch-1\221.6008.13\jbr\bin\java.exe
0x00007ffbbd130000 - 0x00007ffbbd344000 	C:\Windows\SYSTEM32\ntdll.dll
0x00007ffbbaf10000 - 0x00007ffbbafd2000 	C:\Windows\System32\KERNEL32.DLL
0x00007ffbba790000 - 0x00007ffbbab33000 	C:\Windows\System32\KERNELBASE.dll
0x00007ffbbab40000 - 0x00007ffbbac51000 	C:\Windows\System32\ucrtbase.dll
0x00007ffb8c5d0000 - 0x00007ffb8c5e9000 	C:\Users\Dell\AppData\Local\JetBrains\Toolbox\apps\WebStorm\ch-1\221.6008.13\jbr\bin\jli.dll
0x00007ffbbafe0000 - 0x00007ffbbb18a000 	C:\Windows\System32\USER32.dll
0x00007ffbba530000 - 0x00007ffbba556000 	C:\Windows\System32\win32u.dll
0x00007ffbbb9d0000 - 0x00007ffbbb9f9000 	C:\Windows\System32\GDI32.dll
0x00007ffbbad70000 - 0x00007ffbbae89000 	C:\Windows\System32\gdi32full.dll
0x00007ffbbac60000 - 0x00007ffbbacfa000 	C:\Windows\System32\msvcp_win.dll
0x00007ffb8c4e0000 - 0x00007ffb8c4f6000 	C:\Users\Dell\AppData\Local\JetBrains\Toolbox\apps\WebStorm\ch-1\221.6008.13\jbr\bin\VCRUNTIME140.dll
0x00007ffb89de0000 - 0x00007ffb8a06e000 	C:\Windows\WinSxS\amd64_microsoft.windows.common-controls_6595b64144ccf1df_6.0.22621.1635_none_270f70857386168e\COMCTL32.dll
0x00007ffbbbb10000 - 0x00007ffbbbbb7000 	C:\Windows\System32\msvcrt.dll
0x00007ffbbb8e0000 - 0x00007ffbbb911000 	C:\Windows\System32\IMM32.DLL
0x00007ffb3ca20000 - 0x00007ffb3caca000 	C:\Users\Dell\AppData\Local\JetBrains\Toolbox\apps\WebStorm\ch-1\221.6008.13\jbr\bin\msvcp140.dll
0x00007ffb120f0000 - 0x00007ffb12c6b000 	C:\Users\Dell\AppData\Local\JetBrains\Toolbox\apps\WebStorm\ch-1\221.6008.13\jbr\bin\server\jvm.dll
0x00007ffbbb190000 - 0x00007ffbbb23e000 	C:\Windows\System32\ADVAPI32.dll
0x00007ffbbb920000 - 0x00007ffbbb9c4000 	C:\Windows\System32\sechost.dll
0x00007ffbbb400000 - 0x00007ffbbb517000 	C:\Windows\System32\RPCRT4.dll
0x00007ffbbcf20000 - 0x00007ffbbcf28000 	C:\Windows\System32\PSAPI.DLL
0x00007ffba0780000 - 0x00007ffba0789000 	C:\Windows\SYSTEM32\WSOCK32.dll
0x00007ffbbbfb0000 - 0x00007ffbbc021000 	C:\Windows\System32\WS2_32.dll
0x00007ffbaf510000 - 0x00007ffbaf544000 	C:\Windows\SYSTEM32\WINMM.dll
0x00007ffbaf450000 - 0x00007ffbaf45a000 	C:\Windows\SYSTEM32\VERSION.dll
0x00007ffbb9620000 - 0x00007ffbb9638000 	C:\Windows\SYSTEM32\kernel.appcore.dll
0x00007ffbb6ba0000 - 0x00007ffbb6bb1000 	C:\Users\Dell\AppData\Local\JetBrains\Toolbox\apps\WebStorm\ch-1\221.6008.13\jbr\bin\verify.dll
0x00007ffbb7c30000 - 0x00007ffbb7e5e000 	C:\Windows\SYSTEM32\DBGHELP.DLL
0x00007ffbbbc20000 - 0x00007ffbbbfa9000 	C:\Windows\System32\combase.dll
0x00007ffbbce40000 - 0x00007ffbbcf17000 	C:\Windows\System32\OLEAUT32.dll
0x00007ffb93110000 - 0x00007ffb93142000 	C:\Windows\SYSTEM32\dbgcore.DLL
0x00007ffbbae90000 - 0x00007ffbbaf0a000 	C:\Windows\System32\bcryptPrimitives.dll
0x00007ffba4290000 - 0x00007ffba42b9000 	C:\Users\Dell\AppData\Local\JetBrains\Toolbox\apps\WebStorm\ch-1\221.6008.13\jbr\bin\java.dll
0x00007ffbb6610000 - 0x00007ffbb661b000 	C:\Users\Dell\AppData\Local\JetBrains\Toolbox\apps\WebStorm\ch-1\221.6008.13\jbr\bin\jimage.dll
0x00007ffba4210000 - 0x00007ffba4229000 	C:\Users\Dell\AppData\Local\JetBrains\Toolbox\apps\WebStorm\ch-1\221.6008.13\jbr\bin\zip.dll

dbghelp: loaded successfully - version: 4.0.5 - missing functions: none
symbol engine: initialized successfully - sym options: 0x614 - pdb path: .;C:\Users\Dell\AppData\Local\JetBrains\Toolbox\apps\WebStorm\ch-1\221.6008.13\jbr\bin;C:\Windows\SYSTEM32;C:\Windows\WinSxS\amd64_microsoft.windows.common-controls_6595b64144ccf1df_6.0.22621.1635_none_270f70857386168e;C:\Users\Dell\AppData\Local\JetBrains\Toolbox\apps\WebStorm\ch-1\221.6008.13\jbr\bin\server

VM Arguments:
java_command: git4idea.http.GitAskPassApp Username for 'https://gitlab.com': 
java_class_path (initial): C:/Users/Dell/AppData/Local/JetBrains/Toolbox/apps/WebStorm/ch-1/221.6008.13/plugins/git4idea/lib/git4idea-rt.jar;C:/Users/Dell/AppData/Local/JetBrains/Toolbox/apps/WebStorm/ch-1/221.6008.13/lib/externalProcess-rt.jar;C:/Users/Dell/AppData/Local/JetBrains/Toolbox/apps/WebStorm/ch-1/221.6008.13/lib/app.jar;C:/Users/Dell/AppData/Local/JetBrains/Toolbox/apps/WebStorm/ch-1/221.6008.13/lib/3rd-party-rt.jar
Launcher Type: SUN_STANDARD

[Global flags]
     intx CICompilerCount                          = 4                                         {product} {ergonomic}
     uint ConcGCThreads                            = 2                                         {product} {ergonomic}
     uint G1ConcRefinementThreads                  = 8                                         {product} {ergonomic}
   size_t G1HeapRegionSize                         = 1048576                                   {product} {ergonomic}
    uintx GCDrainStackTargetSize                   = 64                                        {product} {ergonomic}
   size_t InitialHeapSize                          = 260046848                                 {product} {ergonomic}
   size_t MarkStackSize                            = 4194304                                   {product} {ergonomic}
   size_t MaxHeapSize                              = 4133486592                                {product} {ergonomic}
   size_t MinHeapDeltaBytes                        = 1048576                                   {product} {ergonomic}
    uintx NonNMethodCodeHeapSize                   = 5836300                                {pd product} {ergonomic}
    uintx NonProfiledCodeHeapSize                  = 122910970                              {pd product} {ergonomic}
    uintx ProfiledCodeHeapSize                     = 122910970                              {pd product} {ergonomic}
    uintx ReservedCodeCacheSize                    = 251658240                              {pd product} {ergonomic}
     bool SegmentedCodeCache                       = true                                      {product} {ergonomic}
     bool UseCompressedClassPointers               = true                                 {lp64_product} {ergonomic}
     bool UseCompressedOops                        = true                                 {lp64_product} {ergonomic}
     bool UseG1GC                                  = true                                      {product} {ergonomic}
     bool UseLargePagesIndividualAllocation        = false                                  {pd product} {ergonomic}

Logging:
Log output configuration:
 #0: stdout all=warning uptime,level,tags
 #1: stderr all=off uptime,level,tags

Environment Variables:
PATH=C:/Program Files/Git/mingw64/libexec/git-core;C:/Program Files/Git/mingw64/libexec/git-core;C:\Program Files\Git\mingw64\bin;C:\Program Files\Git\usr\bin;C:\Users\Dell\bin;C:\Windows\system32;C:\Windows;C:\Windows\System32\Wbem;C:\Windows\System32\WindowsPowerShell\v1.0\;C:\Windows\System32\OpenSSH\;C:\Program Files\dotnet\;C:\Program Files\Docker\Docker\resources\bin;%NVM_HOME%;%NVM_SYMLINK%;C:\Program Files\Git\cmd;C:\Program Files\OpenRPA\;C:\Users\Dell\AppData\Local\Programs\Python\Python311\Scripts\;C:\Users\Dell\AppData\Local\Programs\Python\Python311\;C:\Users\Dell\AppData\Local\Microsoft\WindowsApps;C:\Users\Dell\AppData\Local\JetBrains\Toolbox\scripts;C:\Users\Dell\AppData\Local\Programs\Microsoft VS Code\bin;C:\Users\Dell\AppData\Roaming\npm;C:\Users\Dell\AppData\Roaming\nvm;C:\Program Files\nodejs
USERNAME=Dell
DISPLAY=:0.0
LC_ALL=en_US.UTF-8
OS=Windows_NT
PROCESSOR_IDENTIFIER=Intel64 Family 6 Model 140 Stepping 1, GenuineIntel



---------------  S Y S T E M  ---------------

OS: Windows 11 , 64 bit Build 22621 (10.0.22621.1928)
OS uptime: 6 days 3:16 hours
Hyper-V role detected

CPU:total 8 (initial active 8) (4 cores per cpu, 2 threads per core) family 6 model 140 stepping 1 microcode 0xa4, cmov, cx8, fxsr, mmx, sse, sse2, sse3, ssse3, sse4.1, sse4.2, popcnt, avx, avx2, aes, clmul, erms, 3dnowpref, lzcnt, ht, tsc, tscinvbit, bmi1, bmi2, adx, evex, sha, fma

Memory: 4k page, system-wide physical 15765M (83M free)
TotalPageFile size 40375M (AvailPageFile size 223M)
current process WorkingSet (physical memory assigned to process): 11M, peak: 11M
current process commit charge ("private bytes"): 60M, peak: 308M

vm_info: OpenJDK 64-Bit Server VM (11.0.15+10-b2043.56) for windows-amd64 JRE (11.0.15+10-b2043.56), built on May 16 2022 02:28:12 by "" with MS VC++ 14.0 (VS2015)

END.
